<?xml version="1.0" encoding="UTF-8"?>
<!-- Generated by org.testng.reporters.JUnitReportReporter -->
<testsuite skipped="0" hostname="ATMECSINLT-084" name="com.magesh.konakart.testscript.konakartHomeScript" tests="3" failures="0" timestamp="10 Oct 2019 09:27:38 GMT" time="11.159" errors="0">
  <testcase name="positive_validation" time="2.949" classname="com.magesh.konakart.testscript.konakartHomeScript"/>
  <testcase name="negative_validation" time="2.584" classname="com.magesh.konakart.testscript.konakartHomeScript"/>
  <testcase name="neutral_validation" time="5.626" classname="com.magesh.konakart.testscript.konakartHomeScript"/>
</testsuite> <!-- com.magesh.konakart.testscript.konakartHomeScript -->
