<?xml version="1.0" encoding="UTF-8"?>
<!-- Generated by org.testng.reporters.JUnitReportReporter -->
<testsuite skipped="0" hostname="ATMECSINLT-084" name="com.magesh.konakart.testscript.konakartHeroVal" tests="4" failures="0" timestamp="10 Oct 2019 11:31:46 GMT" time="74.714" errors="0">
  <testcase name="positive_validation" time="19.228" classname="com.magesh.konakart.testscript.konakartHeroVal"/>
  <testcase name="negative_validation" time="14.846" classname="com.magesh.konakart.testscript.konakartHeroVal"/>
  <testcase name="neutral_validation" time="13.403" classname="com.magesh.konakart.testscript.konakartHeroVal"/>
  <testcase name="Hero_validation" time="27.237" classname="com.magesh.konakart.testscript.konakartHeroVal"/>
</testsuite> <!-- com.magesh.konakart.testscript.konakartHeroVal -->
